2013-09-11 11:24:12 - INFO - Created a directory /Users/kaatarst/Potku/projects/Ecaart-11-mini/Tof-E_65-mini.
2013-09-11 11:24:12 - INFO - Created a directory /Users/kaatarst/Potku/projects/Ecaart-11-mini/Tof-E_65-mini/cuts.
2013-09-11 11:24:12 - INFO - Created a directory /Users/kaatarst/Potku/projects/Ecaart-11-mini/Tof-E_65-mini/cuts/elemloss.
2013-09-11 11:24:17 - INFO - [Measurement : Tof-E_65-mini] - There was no old selection file to add to this project.
2013-09-11 11:24:35 - INFO - [Measurement : Tof-E_65-mini] - Selection file /Users/kaatarst/Potku/projects/Ecaart-11-mini/ToF-E_65.sel was read successfully!
2013-09-11 11:24:49 - INFO - [Measurement : Tof-E_65-mini] - Saving finished in 5.732932090759277 seconds.
2013-09-11 11:25:09 - INFO - [Measurement : Tof-E_65-mini] - Created Element Losses. Splits: 10 Reference cut: /Users/kaatarst/Potku/projects/Ecaart-11-mini/Tof-E_65-mini/cuts/Tof-E_65-mini.Re.0.cut List of cuts: ['/Users/kaatarst/Potku/projects/Ecaart-11-mini/Tof-E_65-mini/cuts/Tof-E_65-mini.12C.0.cut', '/Users/kaatarst/Potku/projects/Ecaart-11-mini/Tof-E_65-mini/cuts/Tof-E_65-mini.12C.1.cut', '/Users/kaatarst/Potku/projects/Ecaart-11-mini/Tof-E_65-mini/cuts/Tof-E_65-mini.16O.0.cut', '/Users/kaatarst/Potku/projects/Ecaart-11-mini/Tof-E_65-mini/cuts/Tof-E_65-mini.19F.0.cut', '/Users/kaatarst/Potku/projects/Ecaart-11-mini/Tof-E_65-mini/cuts/Tof-E_65-mini.1H.0.cut', '/Users/kaatarst/Potku/projects/Ecaart-11-mini/Tof-E_65-mini/cuts/Tof-E_65-mini.1H.1.cut', '/Users/kaatarst/Potku/projects/Ecaart-11-mini/Tof-E_65-mini/cuts/Tof-E_65-mini.35Cl.0.cut', '/Users/kaatarst/Potku/projects/Ecaart-11-mini/Tof-E_65-mini/cuts/Tof-E_65-mini.6Li.0.cut', '/Users/kaatarst/Potku/projects/Ecaart-11-mini/Tof-E_65-mini/cuts/Tof-E_65-mini.7Li.0.cut', '/Users/kaatarst/Potku/projects/Ecaart-11-mini/Tof-E_65-mini/cuts/Tof-E_65-mini.Mn.0.cut', '/Users/kaatarst/Potku/projects/Ecaart-11-mini/Tof-E_65-mini/cuts/Tof-E_65-mini.Si.0.cut']
2013-09-11 11:25:09 - INFO - [Measurement : Tof-E_65-mini] - Elemental Losses split counts:
19F.0: 4, 1, 0, 2, 2, 1, 1, 3, 0, 1
1H.1: 2, 1, 0, 2, 1, 3, 0, 0, 1, 0
1H.0: 5, 1, 1, 2, 2, 0, 0, 0, 1, 1
Si.0: 1189, 1242, 1225, 1303, 1191, 1197, 1303, 1173, 1153, 1213
Mn.0: 436, 451, 479, 475, 419, 407, 454, 438, 492, 448
6Li.0: 0, 2, 1, 1, 2, 0, 1, 3, 1, 1
35Cl.0: 2069, 2041, 2024, 2055, 1961, 1990, 2127, 1970, 1978, 1994
12C.1: 2, 0, 0, 1, 1, 1, 0, 0, 1, 1
12C.0: 2, 0, 1, 0, 0, 0, 0, 0, 0, 0
16O.0: 367, 383, 399, 392, 412, 365, 423, 344, 392, 389
7Li.0: 12, 7, 13, 20, 14, 11, 18, 16, 14, 9
2013-09-11 11:26:06 - INFO - [Measurement : Tof-E_65-mini] - Created Element Losses. Splits: 10 Reference cut: /Users/kaatarst/Potku/projects/Ecaart-11-mini/Tof-E_65-mini/cuts/Tof-E_65-mini.Re.0.cut List of cuts: ['/Users/kaatarst/Potku/projects/Ecaart-11-mini/Tof-E_65-mini/cuts/Tof-E_65-mini.12C.0.cut', '/Users/kaatarst/Potku/projects/Ecaart-11-mini/Tof-E_65-mini/cuts/Tof-E_65-mini.12C.1.cut', '/Users/kaatarst/Potku/projects/Ecaart-11-mini/Tof-E_65-mini/cuts/Tof-E_65-mini.16O.0.cut', '/Users/kaatarst/Potku/projects/Ecaart-11-mini/Tof-E_65-mini/cuts/Tof-E_65-mini.19F.0.cut', '/Users/kaatarst/Potku/projects/Ecaart-11-mini/Tof-E_65-mini/cuts/Tof-E_65-mini.1H.0.cut', '/Users/kaatarst/Potku/projects/Ecaart-11-mini/Tof-E_65-mini/cuts/Tof-E_65-mini.1H.1.cut', '/Users/kaatarst/Potku/projects/Ecaart-11-mini/Tof-E_65-mini/cuts/Tof-E_65-mini.35Cl.0.cut', '/Users/kaatarst/Potku/projects/Ecaart-11-mini/Tof-E_65-mini/cuts/Tof-E_65-mini.7Li.0.cut', '/Users/kaatarst/Potku/projects/Ecaart-11-mini/Tof-E_65-mini/cuts/Tof-E_65-mini.Mn.0.cut', '/Users/kaatarst/Potku/projects/Ecaart-11-mini/Tof-E_65-mini/cuts/Tof-E_65-mini.Si.0.cut']
2013-09-11 11:26:06 - INFO - [Measurement : Tof-E_65-mini] - Elemental Losses split counts:
19F.0: 4, 1, 0, 2, 2, 1, 1, 3, 0, 1
1H.1: 2, 1, 0, 2, 1, 3, 0, 0, 1, 0
1H.0: 5, 1, 1, 2, 2, 0, 0, 0, 1, 1
Si.0: 1189, 1242, 1225, 1303, 1191, 1197, 1303, 1173, 1153, 1213
Mn.0: 436, 451, 479, 475, 419, 407, 454, 438, 492, 448
35Cl.0: 2069, 2041, 2024, 2055, 1961, 1990, 2127, 1970, 1978, 1994
12C.1: 2, 0, 0, 1, 1, 1, 0, 0, 1, 1
12C.0: 2, 0, 1, 0, 0, 0, 0, 0, 0, 0
16O.0: 367, 383, 399, 392, 412, 365, 423, 344, 392, 389
7Li.0: 12, 7, 13, 20, 14, 11, 18, 16, 14, 9
2013-09-11 11:26:42 - INFO - [Tof-E_65-mini] Created Energy Spectrum. Bin width: 0.05 Cut files: /Users/kaatarst/Potku/projects/Ecaart-11-mini/Tof-E_65-mini/cuts/Tof-E_65-mini.12C.0.cut, /Users/kaatarst/Potku/projects/Ecaart-11-mini/Tof-E_65-mini/cuts/Tof-E_65-mini.12C.1.cut, /Users/kaatarst/Potku/projects/Ecaart-11-mini/Tof-E_65-mini/cuts/Tof-E_65-mini.16O.0.cut, /Users/kaatarst/Potku/projects/Ecaart-11-mini/Tof-E_65-mini/cuts/Tof-E_65-mini.19F.0.cut, /Users/kaatarst/Potku/projects/Ecaart-11-mini/Tof-E_65-mini/cuts/Tof-E_65-mini.1H.0.cut, /Users/kaatarst/Potku/projects/Ecaart-11-mini/Tof-E_65-mini/cuts/Tof-E_65-mini.1H.1.cut, /Users/kaatarst/Potku/projects/Ecaart-11-mini/Tof-E_65-mini/cuts/Tof-E_65-mini.35Cl.0.cut, /Users/kaatarst/Potku/projects/Ecaart-11-mini/Tof-E_65-mini/cuts/Tof-E_65-mini.6Li.0.cut, /Users/kaatarst/Potku/projects/Ecaart-11-mini/Tof-E_65-mini/cuts/Tof-E_65-mini.7Li.0.cut, /Users/kaatarst/Potku/projects/Ecaart-11-mini/Tof-E_65-mini/cuts/Tof-E_65-mini.Mn.0.cut, /Users/kaatarst/Potku/projects/Ecaart-11-mini/Tof-E_65-mini/cuts/Tof-E_65-mini.Si.0.cut
2013-09-11 11:26:42 - INFO - [Measurement : Tof-E_65-mini] - Created Energy Spectrum. Bin width: 0.05 Cut files: /Users/kaatarst/Potku/projects/Ecaart-11-mini/Tof-E_65-mini/cuts/Tof-E_65-mini.12C.0.cut, /Users/kaatarst/Potku/projects/Ecaart-11-mini/Tof-E_65-mini/cuts/Tof-E_65-mini.12C.1.cut, /Users/kaatarst/Potku/projects/Ecaart-11-mini/Tof-E_65-mini/cuts/Tof-E_65-mini.16O.0.cut, /Users/kaatarst/Potku/projects/Ecaart-11-mini/Tof-E_65-mini/cuts/Tof-E_65-mini.19F.0.cut, /Users/kaatarst/Potku/projects/Ecaart-11-mini/Tof-E_65-mini/cuts/Tof-E_65-mini.1H.0.cut, /Users/kaatarst/Potku/projects/Ecaart-11-mini/Tof-E_65-mini/cuts/Tof-E_65-mini.1H.1.cut, /Users/kaatarst/Potku/projects/Ecaart-11-mini/Tof-E_65-mini/cuts/Tof-E_65-mini.35Cl.0.cut, /Users/kaatarst/Potku/projects/Ecaart-11-mini/Tof-E_65-mini/cuts/Tof-E_65-mini.6Li.0.cut, /Users/kaatarst/Potku/projects/Ecaart-11-mini/Tof-E_65-mini/cuts/Tof-E_65-mini.7Li.0.cut, /Users/kaatarst/Potku/projects/Ecaart-11-mini/Tof-E_65-mini/cuts/Tof-E_65-mini.Mn.0.cut, /Users/kaatarst/Potku/projects/Ecaart-11-mini/Tof-E_65-mini/cuts/Tof-E_65-mini.Si.0.cut
2013-09-11 11:26:42 - INFO - [Measurement : Tof-E_65-mini] - Energy Spectrum graph points:
19F.0: (2.28;0), (2.33;0.0), (2.38;1.0), (2.42;0.0), (2.47;0.0), (2.52;0.0), (2.57;0.0), (2.62;0.0), (2.67;0.0), (2.72;0.0), (2.77;0.0), (2.82;0.0), (2.87;0.0), (2.92;0.0), (2.97;0.0), (3.02;0.0), (3.07;1.0), (3.12;0.0), (3.17;0.0), (3.22;2.0), (3.27;0.0), (3.32;0.0), (3.37;1.0), (3.42;0.0), (3.47;1.0), (3.52;1.0), (3.57;1.0), (3.62;2.0), (3.67;0.0), (3.72;0.0), (3.77;0.0), (3.82;1.0), (3.87;1.0), (3.92;1.0), (3.97;0.0), (4.02;0.0), (4.07;0.0), (4.12;1.0), (4.17;0.0), (4.22;0.0), (4.27;0.0), (4.32;0.0), (4.37;0.0), (4.42;0.0), (4.47;0.0), (4.52;0.0), (4.57;0.0), (4.62;0.0), (4.67;0.0), (4.72;1.0), (4.77;0)
1H.1: (0.08;0), (0.13;0.0), (0.18;1.0), (0.23;1.0), (0.27;0.0), (0.32;0.0), (0.37;2.0), (0.42;0.0), (0.47;6.0), (0.52;0)
1H.0: (0.42;0), (0.47;0.0), (0.53;13.0), (0.58;0)
Si.0: (1.73;0), (1.78;0.0), (1.83;400.0), (1.88;578.0), (1.93;575.0), (1.98;632.0), (2.02;564.0), (2.07;549.0), (2.12;531.0), (2.17;478.0), (2.22;479.0), (2.27;475.0), (2.32;501.0), (2.37;461.0), (2.42;443.0), (2.47;473.0), (2.52;415.0), (2.57;417.0), (2.62;374.0), (2.67;369.0), (2.72;364.0), (2.77;331.0), (2.82;355.0), (2.87;331.0), (2.92;322.0), (2.97;285.0), (3.02;283.0), (3.07;237.0), (3.12;196.0), (3.17;195.0), (3.22;143.0), (3.27;132.0), (3.32;70.0), (3.37;62.0), (3.42;64.0), (3.47;43.0), (3.52;15.0), (3.57;20.0), (3.62;5.0), (3.67;2.0), (3.72;9.0), (3.77;2.0), (3.82;2.0), (3.87;0.0), (3.92;3.0), (3.97;1.0), (4.02;0.0), (4.07;0.0), (4.12;0.0), (4.17;1.0), (4.22;1.0), (4.27;0.0), (4.32;1.0), (4.37;0)
Mn.0: (1.13;0), (1.18;0.0), (1.23;6.0), (1.28;6.0), (1.33;6.0), (1.38;8.0), (1.43;11.0), (1.48;7.0), (1.53;10.0), (1.58;6.0), (1.63;7.0), (1.68;8.0), (1.73;5.0), (1.78;9.0), (1.83;4.0), (1.88;8.0), (1.93;10.0), (1.98;11.0), (2.03;6.0), (2.08;7.0), (2.13;5.0), (2.18;5.0), (2.23;13.0), (2.27;7.0), (2.32;7.0), (2.37;9.0), (2.42;5.0), (2.47;12.0), (2.52;8.0), (2.57;18.0), (2.62;11.0), (2.67;25.0), (2.72;26.0), (2.77;35.0), (2.82;38.0), (2.87;39.0), (2.92;54.0), (2.97;48.0), (3.02;64.0), (3.07;78.0), (3.12;91.0), (3.17;111.0), (3.22;107.0), (3.27;110.0), (3.32;100.0), (3.37;134.0), (3.42;120.0), (3.47;128.0), (3.52;150.0), (3.57;140.0), (3.62;154.0), (3.67;156.0), (3.72;170.0), (3.77;140.0), (3.82;131.0), (3.87;133.0), (3.92;134.0), (3.97;136.0), (4.02;136.0), (4.07;151.0), (4.12;157.0), (4.17;151.0), (4.22;142.0), (4.27;125.0), (4.32;122.0), (4.37;144.0), (4.42;133.0), (4.47;114.0), (4.52;75.0), (4.57;40.0), (4.62;9.0), (4.67;5.0), (4.72;5.0), (4.77;1.0), (4.82;0.0), (4.87;0.0), (4.92;0.0), (4.97;0.0), (5.02;0.0), (5.07;1.0), (5.12;1.0), (5.17;0)
6Li.0: (1.73;0), (1.78;0.0), (1.83;1.0), (1.88;2.0), (1.93;0.0), (1.98;0.0), (2.02;2.0), (2.07;0.0), (2.12;0.0), (2.17;0.0), (2.22;1.0), (2.27;2.0), (2.32;2.0), (2.37;1.0), (2.42;1.0), (2.47;0)
35Cl.0: (2.08;0), (2.12;0.0), (2.17;5.0), (2.22;548.0), (2.27;628.0), (2.32;598.0), (2.37;611.0), (2.42;559.0), (2.47;477.0), (2.52;468.0), (2.57;403.0), (2.62;360.0), (2.67;320.0), (2.72;298.0), (2.77;235.0), (2.82;208.0), (2.87;194.0), (2.92;160.0), (2.97;139.0), (3.02;127.0), (3.07;80.0), (3.12;81.0), (3.17;72.0), (3.22;63.0), (3.27;41.0), (3.32;35.0), (3.37;46.0), (3.42;31.0), (3.47;27.0), (3.52;31.0), (3.57;20.0), (3.62;20.0), (3.67;31.0), (3.72;35.0), (3.77;24.0), (3.82;28.0), (3.87;37.0), (3.92;63.0), (3.97;91.0), (4.02;99.0), (4.07;145.0), (4.12;157.0), (4.17;212.0), (4.22;275.0), (4.27;303.0), (4.32;367.0), (4.37;363.0), (4.42;406.0), (4.47;417.0), (4.52;407.0), (4.57;411.0), (4.62;408.0), (4.67;389.0), (4.72;389.0), (4.77;404.0), (4.82;407.0), (4.87;344.0), (4.92;374.0), (4.97;363.0), (5.02;354.0), (5.07;332.0), (5.12;310.0), (5.17;306.0), (5.22;329.0), (5.27;328.0), (5.32;346.0), (5.37;327.0), (5.42;328.0), (5.47;321.0), (5.52;303.0), (5.57;315.0), (5.62;358.0), (5.67;301.0), (5.72;298.0), (5.77;304.0), (5.82;282.0), (5.87;274.0), (5.92;266.0), (5.97;200.0), (6.02;137.0), (6.07;32.0), (6.12;7.0), (6.17;4.0), (6.22;2.0), (6.27;4.0), (6.32;1.0), (6.37;4.0), (6.42;1.0), (6.47;2.0), (6.52;0.0), (6.57;0.0), (6.62;1.0), (6.67;0.0), (6.72;0.0), (6.77;0.0), (6.82;1.0), (6.87;0)
12C.1: (1.43;0), (1.48;0.0), (1.53;1.0), (1.58;0.0), (1.63;0.0), (1.68;0.0), (1.73;0.0), (1.78;0.0), (1.83;0.0), (1.88;0.0), (1.93;0.0), (1.98;0.0), (2.03;0.0), (2.08;0.0), (2.12;0.0), (2.17;0.0), (2.22;0.0), (2.27;0.0), (2.32;0.0), (2.37;0.0), (2.42;0.0), (2.47;0.0), (2.52;0.0), (2.57;0.0), (2.62;0.0), (2.67;1.0), (2.72;1.0), (2.77;1.0), (2.82;1.0), (2.87;0.0), (2.92;1.0), (2.97;0.0), (3.02;0.0), (3.07;0.0), (3.12;0.0), (3.17;0.0), (3.22;0.0), (3.27;0.0), (3.32;0.0), (3.37;0.0), (3.42;0.0), (3.47;0.0), (3.52;1.0), (3.57;0)
12C.0: (3.48;0), (3.53;0.0), (3.58;2.0), (3.62;1.0), (3.67;0)
16O.0: (0.78;0), (0.83;0.0), (0.88;8.0), (0.93;7.0), (0.98;9.0), (1.03;4.0), (1.08;4.0), (1.13;3.0), (1.18;7.0), (1.23;3.0), (1.28;1.0), (1.33;4.0), (1.38;6.0), (1.43;4.0), (1.48;2.0), (1.53;3.0), (1.58;1.0), (1.63;5.0), (1.68;4.0), (1.73;4.0), (1.78;1.0), (1.83;2.0), (1.88;5.0), (1.93;3.0), (1.98;2.0), (2.03;3.0), (2.08;1.0), (2.13;1.0), (2.18;9.0), (2.23;4.0), (2.27;4.0), (2.32;3.0), (2.37;5.0), (2.42;8.0), (2.47;10.0), (2.52;9.0), (2.57;15.0), (2.62;26.0), (2.67;35.0), (2.72;26.0), (2.77;66.0), (2.82;71.0), (2.87;104.0), (2.92;131.0), (2.97;122.0), (3.02;150.0), (3.07;133.0), (3.12;138.0), (3.17;152.0), (3.22;140.0), (3.27;154.0), (3.32;160.0), (3.37;126.0), (3.42;164.0), (3.47;156.0), (3.52;166.0), (3.57;141.0), (3.62;143.0), (3.67;148.0), (3.72;135.0), (3.77;151.0), (3.82;132.0), (3.87;133.0), (3.92;144.0), (3.97;135.0), (4.02;95.0), (4.07;71.0), (4.12;31.0), (4.17;12.0), (4.22;4.0), (4.27;2.0), (4.32;0.0), (4.37;3.0), (4.42;0.0), (4.47;0.0), (4.52;0.0), (4.57;1.0), (4.62;0.0), (4.67;0.0), (4.72;0.0), (4.77;1.0), (4.82;0)
7Li.0: (0.98;0), (1.03;0.0), (1.08;1.0), (1.13;0.0), (1.18;1.0), (1.23;0.0), (1.28;0.0), (1.33;0.0), (1.38;0.0), (1.43;0.0), (1.48;0.0), (1.53;0.0), (1.58;0.0), (1.63;0.0), (1.68;0.0), (1.73;2.0), (1.78;1.0), (1.83;0.0), (1.88;1.0), (1.93;1.0), (1.98;3.0), (2.03;7.0), (2.08;11.0), (2.13;13.0), (2.18;9.0), (2.23;7.0), (2.27;11.0), (2.32;12.0), (2.37;12.0), (2.42;11.0), (2.47;6.0), (2.52;9.0), (2.57;11.0), (2.62;4.0), (2.67;1.0), (2.72;0)
2013-09-11 11:26:57 - INFO - [Tof-E_65-mini] Created Energy Spectrum. Bin width: 0.1 Cut files: /Users/kaatarst/Potku/projects/Ecaart-11-mini/Tof-E_65-mini/cuts/Tof-E_65-mini.12C.0.cut, /Users/kaatarst/Potku/projects/Ecaart-11-mini/Tof-E_65-mini/cuts/Tof-E_65-mini.12C.1.cut, /Users/kaatarst/Potku/projects/Ecaart-11-mini/Tof-E_65-mini/cuts/Tof-E_65-mini.16O.0.cut, /Users/kaatarst/Potku/projects/Ecaart-11-mini/Tof-E_65-mini/cuts/Tof-E_65-mini.19F.0.cut, /Users/kaatarst/Potku/projects/Ecaart-11-mini/Tof-E_65-mini/cuts/Tof-E_65-mini.1H.0.cut, /Users/kaatarst/Potku/projects/Ecaart-11-mini/Tof-E_65-mini/cuts/Tof-E_65-mini.1H.1.cut, /Users/kaatarst/Potku/projects/Ecaart-11-mini/Tof-E_65-mini/cuts/Tof-E_65-mini.35Cl.0.cut, /Users/kaatarst/Potku/projects/Ecaart-11-mini/Tof-E_65-mini/cuts/Tof-E_65-mini.6Li.0.cut, /Users/kaatarst/Potku/projects/Ecaart-11-mini/Tof-E_65-mini/cuts/Tof-E_65-mini.7Li.0.cut, /Users/kaatarst/Potku/projects/Ecaart-11-mini/Tof-E_65-mini/cuts/Tof-E_65-mini.Mn.0.cut, /Users/kaatarst/Potku/projects/Ecaart-11-mini/Tof-E_65-mini/cuts/Tof-E_65-mini.Si.0.cut
2013-09-11 11:26:57 - INFO - [Measurement : Tof-E_65-mini] - Created Energy Spectrum. Bin width: 0.1 Cut files: /Users/kaatarst/Potku/projects/Ecaart-11-mini/Tof-E_65-mini/cuts/Tof-E_65-mini.12C.0.cut, /Users/kaatarst/Potku/projects/Ecaart-11-mini/Tof-E_65-mini/cuts/Tof-E_65-mini.12C.1.cut, /Users/kaatarst/Potku/projects/Ecaart-11-mini/Tof-E_65-mini/cuts/Tof-E_65-mini.16O.0.cut, /Users/kaatarst/Potku/projects/Ecaart-11-mini/Tof-E_65-mini/cuts/Tof-E_65-mini.19F.0.cut, /Users/kaatarst/Potku/projects/Ecaart-11-mini/Tof-E_65-mini/cuts/Tof-E_65-mini.1H.0.cut, /Users/kaatarst/Potku/projects/Ecaart-11-mini/Tof-E_65-mini/cuts/Tof-E_65-mini.1H.1.cut, /Users/kaatarst/Potku/projects/Ecaart-11-mini/Tof-E_65-mini/cuts/Tof-E_65-mini.35Cl.0.cut, /Users/kaatarst/Potku/projects/Ecaart-11-mini/Tof-E_65-mini/cuts/Tof-E_65-mini.6Li.0.cut, /Users/kaatarst/Potku/projects/Ecaart-11-mini/Tof-E_65-mini/cuts/Tof-E_65-mini.7Li.0.cut, /Users/kaatarst/Potku/projects/Ecaart-11-mini/Tof-E_65-mini/cuts/Tof-E_65-mini.Mn.0.cut, /Users/kaatarst/Potku/projects/Ecaart-11-mini/Tof-E_65-mini/cuts/Tof-E_65-mini.Si.0.cut
2013-09-11 11:26:57 - INFO - [Measurement : Tof-E_65-mini] - Energy Spectrum graph points:
19F.0: (2.15;0), (2.25;0.0), (2.35;1.0), (2.45;0.0), (2.55;0.0), (2.65;0.0), (2.75;0.0), (2.85;0.0), (2.95;0.0), (3.05;1.0), (3.15;0.0), (3.25;2.0), (3.35;1.0), (3.45;1.0), (3.55;2.0), (3.65;2.0), (3.75;0.0), (3.85;2.0), (3.95;1.0), (4.05;0.0), (4.15;1.0), (4.25;0.0), (4.35;0.0), (4.45;0.0), (4.55;0.0), (4.65;0.0), (4.75;1.0), (4.85;0)
1H.1: (-0.05;0), (0.05;0.0), (0.15;1.0), (0.25;1.0), (0.35;2.0), (0.45;6.0), (0.55;0)
1H.0: (0.35;0), (0.45;0.0), (0.55;13.0), (0.65;0)
Si.0: (1.65;0), (1.75;0.0), (1.85;978.0), (1.95;1207.0), (2.05;1113.0), (2.15;1009.0), (2.25;954.0), (2.35;962.0), (2.45;916.0), (2.55;832.0), (2.65;743.0), (2.75;695.0), (2.85;686.0), (2.95;607.0), (3.05;520.0), (3.15;391.0), (3.25;275.0), (3.35;132.0), (3.45;107.0), (3.55;35.0), (3.65;7.0), (3.75;11.0), (3.85;2.0), (3.95;4.0), (4.05;0.0), (4.15;1.0), (4.25;1.0), (4.35;1.0), (4.45;0)
Mn.0: (1.05;0), (1.15;0.0), (1.25;12.0), (1.35;14.0), (1.45;18.0), (1.55;16.0), (1.65;15.0), (1.75;14.0), (1.85;12.0), (1.95;21.0), (2.05;13.0), (2.15;10.0), (2.25;20.0), (2.35;16.0), (2.45;17.0), (2.55;26.0), (2.65;36.0), (2.75;61.0), (2.85;77.0), (2.95;102.0), (3.05;142.0), (3.15;202.0), (3.25;217.0), (3.35;234.0), (3.45;248.0), (3.55;290.0), (3.65;310.0), (3.75;310.0), (3.85;264.0), (3.95;270.0), (4.05;287.0), (4.15;308.0), (4.25;267.0), (4.35;266.0), (4.45;247.0), (4.55;115.0), (4.65;14.0), (4.75;6.0), (4.85;0.0), (4.95;0.0), (5.05;1.0), (5.15;1.0), (5.25;0)
6Li.0: (1.65;0), (1.75;0.0), (1.85;3.0), (1.95;0.0), (2.05;2.0), (2.15;0.0), (2.25;3.0), (2.35;3.0), (2.45;1.0), (2.55;0)
35Cl.0: (1.95;0), (2.05;0.0), (2.15;5.0), (2.25;1176.0), (2.35;1209.0), (2.45;1037.0), (2.55;870.0), (2.65;680.0), (2.75;533.0), (2.85;402.0), (2.95;299.0), (3.05;207.0), (3.15;153.0), (3.25;104.0), (3.35;81.0), (3.45;58.0), (3.55;51.0), (3.65;51.0), (3.75;59.0), (3.85;65.0), (3.95;154.0), (4.05;244.0), (4.15;369.0), (4.25;578.0), (4.35;730.0), (4.45;823.0), (4.55;818.0), (4.65;797.0), (4.75;793.0), (4.85;751.0), (4.95;737.0), (5.05;686.0), (5.15;616.0), (5.25;657.0), (5.35;673.0), (5.45;649.0), (5.55;618.0), (5.65;659.0), (5.75;602.0), (5.85;556.0), (5.95;466.0), (6.05;169.0), (6.15;11.0), (6.25;6.0), (6.35;5.0), (6.45;3.0), (6.55;0.0), (6.65;1.0), (6.75;0.0), (6.85;1.0), (6.95;0)
12C.1: (1.35;0), (1.45;0.0), (1.55;1.0), (1.65;0.0), (1.75;0.0), (1.85;0.0), (1.95;0.0), (2.05;0.0), (2.15;0.0), (2.25;0.0), (2.35;0.0), (2.45;0.0), (2.55;0.0), (2.65;1.0), (2.75;2.0), (2.85;1.0), (2.95;1.0), (3.05;0.0), (3.15;0.0), (3.25;0.0), (3.35;0.0), (3.45;0.0), (3.55;1.0), (3.65;0)
12C.0: (3.35;0), (3.45;0.0), (3.55;2.0), (3.65;1.0), (3.75;0)
16O.0: (0.65;0), (0.75;0.0), (0.85;8.0), (0.95;16.0), (1.05;8.0), (1.15;10.0), (1.25;4.0), (1.35;10.0), (1.45;6.0), (1.55;4.0), (1.65;9.0), (1.75;5.0), (1.85;7.0), (1.95;5.0), (2.05;4.0), (2.15;10.0), (2.25;8.0), (2.35;8.0), (2.45;18.0), (2.55;24.0), (2.65;61.0), (2.75;92.0), (2.85;175.0), (2.95;253.0), (3.05;283.0), (3.15;290.0), (3.25;294.0), (3.35;286.0), (3.45;320.0), (3.55;307.0), (3.65;291.0), (3.75;286.0), (3.85;265.0), (3.95;279.0), (4.05;166.0), (4.15;43.0), (4.25;6.0), (4.35;3.0), (4.45;0.0), (4.55;1.0), (4.65;0.0), (4.75;1.0), (4.85;0)
7Li.0: (0.85;0), (0.95;0.0), (1.05;1.0), (1.15;1.0), (1.25;0.0), (1.35;0.0), (1.45;0.0), (1.55;0.0), (1.65;0.0), (1.75;3.0), (1.85;1.0), (1.95;4.0), (2.05;18.0), (2.15;22.0), (2.25;18.0), (2.35;24.0), (2.45;17.0), (2.55;20.0), (2.65;5.0), (2.75;0)
2013-09-11 11:28:21 - INFO - [Measurement : Tof-E_65-mini] - Backed up old tof.in file to /Users/kaatarst/Potku/potku/potku-software/external/Potku-bin/tof.in_2013-09-11_11.28.21.bak
2013-09-11 11:28:21 - INFO - [Measurement : Tof-E_65-mini] - Generated tof.in with params> Beam: 35Cl; Energy: 8.515; Detector angle: 41.2; Target angle: 20.6; Toflen: 0.623; Carbon foil thickness: 3.1; Target density: 3.0; TOF calibration: 5.70569323644e-11 1.66381574853e-09; Depth step for stopping: 20.0; Depth step for output: 20.0; Depths for concentration scaling: 200.0 600.0; Stopping model: 2; Cross section: 3; Efficiency directory: /Users/kaatarst/potku/efficiency_files
2013-09-11 11:28:55 - INFO - [Measurement : Tof-E_65-mini] - Selection file /Users/kaatarst/Potku/projects/Ecaart-11-mini/Tof-E_65-mini/Tof-E_65-mini.sel was read successfully!
2014-08-07 12:40:10 - INFO - [Measurement : Tof-E_65-mini] - Selection file C:/potku/Sample-data/Ecaart-11-mini\Tof-E_65-mini\Tof-E_65-mini.sel was read successfully!
2014-08-07 12:40:10 - ERROR - [Measurement : Tof-E_65-mini] - Could not create Elemental Losses graph. FileNotFoundError: [Errno 2] No such file or directory: '/Users/kaatarst/Potku/projects/Ecaart-11-mini/Tof-E_65-mini/cuts/Tof-E_65-mini.Re.0.cut', C:\potku\Dialogs\ElementLossesDialog.py, 207
2014-08-07 12:40:10 - INFO - [Measurement : Tof-E_65-mini] - Backed up old tof.in file to C:\potku\external\Potku-bin\tof.in_2014-08-07_12.40.10.bak
2014-08-07 12:40:10 - INFO - [Measurement : Tof-E_65-mini] - Generated tof.in with params> Beam: 35Cl; Energy: 8.515; Detector angle: 41.2; Target angle: 20.6; Toflen: 0.623; Carbon foil thickness: 3.1; Target density: 3.0; TOF calibration: 5.70569323644e-11 1.66381574853e-09; Angle calibration: 0.0 0.0; Number of depth steps: 0; Depth step for stopping: 20.0; Depth step for output: 20.0; Depths for concentration scaling: 200.0 600.0; Cross section: 3; Number of iterations: 3; Efficiency directory: C:\Users\jaakjuli\potku\efficiency_files
2014-08-07 12:40:11 - ERROR - [Measurement : Tof-E_65-mini] - Could not create Energy Spectrum graph. IndexError: list index out of range, C:\potku\Dialogs\EnergySpectrumDialog.py, 227
2014-08-07 12:40:11 - ERROR - [Measurement : Tof-E_65-mini] - Could not create Depth Profile graph. PermissionError: [WinError 5] Access is denied: '/Users/kaatarst', C:\potku\Dialogs\DepthProfileDialog.py, 294
2014-08-07 12:40:30 - INFO - [Measurement : Tof-E_65-mini] - Saving finished in 6.736432075500488 seconds.
2014-08-07 12:40:49 - INFO - [Measurement : Tof-E_65-mini] - Backed up old tof.in file to C:\potku\external\Potku-bin\tof.in_2014-08-07_12.40.49.bak
2014-08-07 12:40:49 - INFO - [Measurement : Tof-E_65-mini] - Generated tof.in with params> Beam: 35Cl; Energy: 8.515; Detector angle: 41.2; Target angle: 20.6; Toflen: 0.623; Carbon foil thickness: 3.1; Target density: 3.0; TOF calibration: 5.70569323644e-11 1.66381574853e-09; Angle calibration: 0.0 0.0; Number of depth steps: 100; Depth step for stopping: 20.0; Depth step for output: 20.0; Depths for concentration scaling: 200.0 600.0; Cross section: 3; Number of iterations: 3; Efficiency directory: C:\Users\jaakjuli\potku\efficiency_files
2014-08-07 12:44:15 - INFO - [Measurement : Tof-E_65-mini] - Created Element Losses. Splits: 10 Reference cut: C:/potku/Sample-data/Ecaart-11-mini\Tof-E_65-mini\cuts\Tof-E_65-mini.Re.0.cut List of cuts: ['C:/potku/Sample-data/Ecaart-11-mini\\Tof-E_65-mini\\cuts\\Tof-E_65-mini.12C.0.cut', 'C:/potku/Sample-data/Ecaart-11-mini\\Tof-E_65-mini\\cuts\\Tof-E_65-mini.12C.1.cut', 'C:/potku/Sample-data/Ecaart-11-mini\\Tof-E_65-mini\\cuts\\Tof-E_65-mini.16O.0.cut', 'C:/potku/Sample-data/Ecaart-11-mini\\Tof-E_65-mini\\cuts\\Tof-E_65-mini.19F.0.cut', 'C:/potku/Sample-data/Ecaart-11-mini\\Tof-E_65-mini\\cuts\\Tof-E_65-mini.1H.0.cut', 'C:/potku/Sample-data/Ecaart-11-mini\\Tof-E_65-mini\\cuts\\Tof-E_65-mini.1H.1.cut', 'C:/potku/Sample-data/Ecaart-11-mini\\Tof-E_65-mini\\cuts\\Tof-E_65-mini.35Cl.0.cut', 'C:/potku/Sample-data/Ecaart-11-mini\\Tof-E_65-mini\\cuts\\Tof-E_65-mini.7Li.0.cut', 'C:/potku/Sample-data/Ecaart-11-mini\\Tof-E_65-mini\\cuts\\Tof-E_65-mini.Mn.0.cut', 'C:/potku/Sample-data/Ecaart-11-mini\\Tof-E_65-mini\\cuts\\Tof-E_65-mini.Si.0.cut']
2014-08-07 12:44:15 - INFO - [Measurement : Tof-E_65-mini] - Elemental Losses split counts:
16O.0: 367, 383, 399, 392, 412, 365, 423, 344, 392, 389
12C.0: 2, 0, 1, 0, 0, 0, 0, 0, 0, 0
Mn.0: 436, 451, 479, 475, 419, 407, 454, 438, 492, 448
7Li.0: 12, 7, 13, 20, 14, 11, 18, 16, 14, 9
35Cl.0: 2069, 2041, 2024, 2055, 1961, 1990, 2127, 1970, 1978, 1994
12C.1: 2, 0, 0, 1, 1, 1, 0, 0, 1, 1
19F.0: 4, 1, 0, 2, 2, 1, 1, 3, 0, 1
1H.0: 5, 1, 1, 2, 2, 0, 0, 0, 1, 1
1H.1: 2, 1, 0, 2, 1, 3, 0, 0, 1, 0
Si.0: 1189, 1242, 1225, 1303, 1191, 1197, 1303, 1173, 1153, 1213
2018-02-13 11:46:41 - INFO - [Measurement : Tof-E_65-mini] - Selection file C:/MyTemp/monisiro/Sample-data/Ecaart-11-mini\Tof-E_65-mini\Tof-E_65-mini.sel was read successfully!
2018-02-13 11:46:41 - INFO - [Measurement : Tof-E_65-mini] - Backed up old tof.in file to C:\MyTemp\monisiro\external\Potku-bin\tof.in_2018-02-13_11.46.41.bak
2018-02-13 11:46:41 - INFO - [Measurement : Tof-E_65-mini] - Generated tof.in with params> Beam: 35Cl; Energy: 8.515; Detector angle: 41.2; Target angle: 20.6; Toflen: 0.623; Carbon foil thickness: 3.1; Target density: 3.0; TOF calibration: 5.70569323644e-11 1.66381574853e-09; Angle calibration: 0.0 0.0; Number of depth steps: 100; Depth step for stopping: 20.0; Depth step for output: 20.0; Depths for concentration scaling: 200.0 600.0; Cross section: 3; Number of iterations: 3; Efficiency directory: C:\Users\localadmin\potku\efficiency_files
2018-02-13 11:46:49 - ERROR - [Measurement : Tof-E_65-mini] - Could not create Depth Profile graph. FileNotFoundError: [Errno 2] No such file or directory: 'C:/potku/Sample-data/Ecaart-11-mini\\Tof-E_65-mini\\cuts\\Tof-E_65-mini.12C.0.cut', C:\MyTemp\monisiro\Dialogs\DepthProfileDialog.py, 306
2018-02-13 12:52:00 - INFO - [Measurement : Tof-E_65-mini] - Selection file C:/MyTemp/monisiro/Sample-data/Ecaart-11-mini\Tof-E_65-mini\Tof-E_65-mini.sel was read successfully!
2018-02-13 12:52:04 - ERROR - [Measurement : Tof-E_65-mini] - Could not create Depth Profile graph. FileNotFoundError: [Errno 2] No such file or directory: 'C:/potku/Sample-data/Ecaart-11-mini\\Tof-E_65-mini\\cuts\\Tof-E_65-mini.12C.0.cut', C:\MyTemp\monisiro\Dialogs\DepthProfileDialog.py, 306
2018-02-13 12:53:50 - INFO - [Measurement : Tof-E_65-mini] - Selection file C:/MyTemp/monisiro/Sample-data/Ecaart-11-mini\Tof-E_65-mini\Tof-E_65-mini.sel was read successfully!
2018-02-13 12:53:53 - ERROR - [Measurement : Tof-E_65-mini] - Could not create Depth Profile graph. FileNotFoundError: [Errno 2] No such file or directory: 'C:/potku/Sample-data/Ecaart-11-mini\\Tof-E_65-mini\\cuts\\Tof-E_65-mini.12C.0.cut', C:\MyTemp\monisiro\Dialogs\DepthProfileDialog.py, 306
2018-02-13 12:58:06 - INFO - [Measurement : Tof-E_65-mini] - Selection file C:/MyTemp/monisiro/Sample-data/Ecaart-11-mini\Tof-E_65-mini\Tof-E_65-mini.sel was read successfully!
2018-02-13 12:58:08 - ERROR - [Measurement : Tof-E_65-mini] - Could not create Depth Profile graph. FileNotFoundError: [Errno 2] No such file or directory: 'C:/potku/Sample-data/Ecaart-11-mini\\Tof-E_65-mini\\cuts\\Tof-E_65-mini.12C.0.cut', C:\MyTemp\monisiro\Dialogs\DepthProfileDialog.py, 306
2018-02-13 12:58:34 - INFO - [Measurement : Tof-E_65-mini] - Selection file C:/MyTemp/monisiro/Sample-data/Ecaart-11-mini\Tof-E_65-mini\Tof-E_65-mini.sel was read successfully!
2018-02-13 12:59:30 - ERROR - [Measurement : Tof-E_65-mini] - Could not create Depth Profile graph. FileNotFoundError: [Errno 2] No such file or directory: 'C:/potku/Sample-data/Ecaart-11-mini\\Tof-E_65-mini\\cuts\\Tof-E_65-mini.12C.0.cut', C:\MyTemp\monisiro\Dialogs\DepthProfileDialog.py, 306
